{
"/Users/manugowda/New_Vagrant/kb/event_tracking/app/server.js":{"path":"/Users/manugowda/New_Vagrant/kb/event_tracking/app/server.js","s":{"1":1,"2":1,"3":1,"4":1,"5":1,"6":1,"7":1,"8":1,"9":1,"10":1,"11":1,"12":1,"13":1,"14":1,"15":2,"16":1,"17":1,"18":1,"19":1,"20":1},"b":{"1":[1,1]},"f":{"1":2,"2":1},"fnMap":{"1":{"name":"(anonymous_1)","line":17,"loc":{"start":{"line":17,"column":46},"end":{"line":17,"column":69}}},"2":{"name":"(anonymous_2)","line":23,"loc":{"start":{"line":23,"column":43},"end":{"line":23,"column":55}}}},"statementMap":{"1":{"start":{"line":2,"column":0},"end":{"line":2,"column":23}},"2":{"start":{"line":3,"column":0},"end":{"line":3,"column":33}},"3":{"start":{"line":4,"column":0},"end":{"line":4,"column":42}},"4":{"start":{"line":5,"column":0},"end":{"line":5,"column":44}},"5":{"start":{"line":6,"column":0},"end":{"line":8,"column":3}},"6":{"start":{"line":9,"column":0},"end":{"line":9,"column":49}},"7":{"start":{"line":10,"column":0},"end":{"line":10,"column":32}},"8":{"start":{"line":11,"column":0},"end":{"line":11,"column":44}},"9":{"start":{"line":12,"column":0},"end":{"line":12,"column":62}},"10":{"start":{"line":13,"column":0},"end":{"line":13,"column":38}},"11":{"start":{"line":14,"column":0},"end":{"line":14,"column":39}},"12":{"start":{"line":15,"column":0},"end":{"line":15,"column":47}},"13":{"start":{"line":16,"column":0},"end":{"line":16,"column":40}},"14":{"start":{"line":17,"column":0},"end":{"line":22,"column":3}},"15":{"start":{"line":18,"column":4},"end":{"line":21,"column":5}},"16":{"start":{"line":19,"column":8},"end":{"line":19,"column":66}},"17":{"start":{"line":20,"column":8},"end":{"line":20,"column":34}},"18":{"start":{"line":23,"column":0},"end":{"line":26,"column":3}},"19":{"start":{"line":24,"column":4},"end":{"line":24,"column":98}},"20":{"start":{"line":25,"column":4},"end":{"line":25,"column":89}}},"branchMap":{"1":{"line":18,"type":"if","locations":[{"start":{"line":18,"column":4},"end":{"line":18,"column":4}},{"start":{"line":18,"column":4},"end":{"line":18,"column":4}}]}},"l":{"2":1,"3":1,"4":1,"5":1,"6":1,"9":1,"10":1,"11":1,"12":1,"13":1,"14":1,"15":1,"16":1,"17":1,"18":2,"19":1,"20":1,"23":1,"24":1,"25":1}},
"/Users/manugowda/New_Vagrant/kb/event_tracking/app/config/config.js":{"path":"/Users/manugowda/New_Vagrant/kb/event_tracking/app/config/config.js","s":{"1":1,"2":1,"3":1,"4":0,"5":1},"b":{"1":[1,1],"2":[0,1]},"f":{},"fnMap":{},"statementMap":{"1":{"start":{"line":2,"column":0},"end":{"line":2,"column":48}},"2":{"start":{"line":3,"column":0},"end":{"line":8,"column":2}},"3":{"start":{"line":9,"column":0},"end":{"line":11,"column":1}},"4":{"start":{"line":10,"column":4},"end":{"line":10,"column":40}},"5":{"start":{"line":12,"column":0},"end":{"line":25,"column":2}}},"branchMap":{"1":{"line":2,"type":"binary-expr","locations":[{"start":{"line":2,"column":10},"end":{"line":2,"column":30}},{"start":{"line":2,"column":34},"end":{"line":2,"column":47}}]},"2":{"line":9,"type":"if","locations":[{"start":{"line":9,"column":0},"end":{"line":9,"column":0}},{"start":{"line":9,"column":0},"end":{"line":9,"column":0}}]}},"l":{"2":1,"3":1,"9":1,"10":0,"12":1}},
"/Users/manugowda/New_Vagrant/kb/event_tracking/app/services/logger.js":{"path":"/Users/manugowda/New_Vagrant/kb/event_tracking/app/services/logger.js","s":{"1":1,"2":1,"3":1,"4":1,"5":1,"6":1,"7":0,"8":0,"9":1},"b":{},"f":{"1":0},"fnMap":{"1":{"name":"(anonymous_1)","line":7,"loc":{"start":{"line":7,"column":19},"end":{"line":7,"column":35}}}},"statementMap":{"1":{"start":{"line":2,"column":0},"end":{"line":2,"column":31}},"2":{"start":{"line":3,"column":0},"end":{"line":3,"column":31}},"3":{"start":{"line":4,"column":0},"end":{"line":4,"column":43}},"4":{"start":{"line":5,"column":0},"end":{"line":5,"column":39}},"5":{"start":{"line":6,"column":0},"end":{"line":6,"column":27}},"6":{"start":{"line":7,"column":0},"end":{"line":10,"column":2}},"7":{"start":{"line":8,"column":4},"end":{"line":8,"column":38}},"8":{"start":{"line":9,"column":4},"end":{"line":9,"column":16}},"9":{"start":{"line":11,"column":0},"end":{"line":26,"column":3}}},"branchMap":{},"l":{"2":1,"3":1,"4":1,"5":1,"6":1,"7":1,"8":0,"9":0,"11":1}},
"/Users/manugowda/New_Vagrant/kb/event_tracking/app/routes/route.js":{"path":"/Users/manugowda/New_Vagrant/kb/event_tracking/app/routes/route.js","s":{"1":1,"2":1,"3":1,"4":1,"5":1,"6":1,"7":0,"8":1},"b":{},"f":{"1":1,"2":1,"3":0},"fnMap":{"1":{"name":"route","line":3,"loc":{"start":{"line":3,"column":0},"end":{"line":3,"column":20}}},"2":{"name":"(anonymous_2)","line":5,"loc":{"start":{"line":5,"column":23},"end":{"line":5,"column":43}}},"3":{"name":"(anonymous_3)","line":8,"loc":{"start":{"line":8,"column":20},"end":{"line":8,"column":40}}}},"statementMap":{"1":{"start":{"line":2,"column":0},"end":{"line":2,"column":91}},"2":{"start":{"line":3,"column":0},"end":{"line":11,"column":1}},"3":{"start":{"line":4,"column":4},"end":{"line":4,"column":78}},"4":{"start":{"line":5,"column":4},"end":{"line":7,"column":7}},"5":{"start":{"line":6,"column":8},"end":{"line":6,"column":34}},"6":{"start":{"line":8,"column":4},"end":{"line":10,"column":7}},"7":{"start":{"line":9,"column":8},"end":{"line":9,"column":53}},"8":{"start":{"line":12,"column":0},"end":{"line":12,"column":30}}},"branchMap":{},"l":{"2":1,"3":1,"4":1,"5":1,"6":1,"8":1,"9":0,"12":1}},
"/Users/manugowda/New_Vagrant/kb/event_tracking/app/controllers/api/v1/AnalyticsTrackController.js":{"path":"/Users/manugowda/New_Vagrant/kb/event_tracking/app/controllers/api/v1/AnalyticsTrackController.js","s":{"1":1,"2":1,"3":1,"4":1,"5":1,"6":1,"7":1,"8":1,"9":0,"10":0,"11":1,"12":1,"13":1,"14":1},"b":{},"f":{"1":1,"2":1,"3":1,"4":0,"5":1},"fnMap":{"1":{"name":"(anonymous_1)","line":4,"loc":{"start":{"line":4,"column":32},"end":{"line":4,"column":44}}},"2":{"name":"AnalyticsTrackController","line":5,"loc":{"start":{"line":5,"column":4},"end":{"line":5,"column":40}}},"3":{"name":"(anonymous_3)","line":9,"loc":{"start":{"line":9,"column":47},"end":{"line":9,"column":67}}},"4":{"name":"(anonymous_4)","line":11,"loc":{"start":{"line":11,"column":18},"end":{"line":11,"column":34}}},"5":{"name":"(anonymous_5)","line":15,"loc":{"start":{"line":15,"column":19},"end":{"line":15,"column":34}}}},"statementMap":{"1":{"start":{"line":2,"column":0},"end":{"line":2,"column":65}},"2":{"start":{"line":3,"column":0},"end":{"line":3,"column":51}},"3":{"start":{"line":4,"column":0},"end":{"line":21,"column":5}},"4":{"start":{"line":5,"column":4},"end":{"line":8,"column":5}},"5":{"start":{"line":6,"column":8},"end":{"line":6,"column":63}},"6":{"start":{"line":7,"column":8},"end":{"line":7,"column":69}},"7":{"start":{"line":9,"column":4},"end":{"line":19,"column":6}},"8":{"start":{"line":10,"column":8},"end":{"line":18,"column":11}},"9":{"start":{"line":12,"column":12},"end":{"line":12,"column":65}},"10":{"start":{"line":13,"column":12},"end":{"line":13,"column":44}},"11":{"start":{"line":16,"column":12},"end":{"line":16,"column":67}},"12":{"start":{"line":17,"column":12},"end":{"line":17,"column":44}},"13":{"start":{"line":20,"column":4},"end":{"line":20,"column":36}},"14":{"start":{"line":22,"column":0},"end":{"line":22,"column":60}}},"branchMap":{},"l":{"2":1,"3":1,"4":1,"5":1,"6":1,"7":1,"9":1,"10":1,"12":0,"13":0,"16":1,"17":1,"20":1,"22":1}},
"/Users/manugowda/New_Vagrant/kb/event_tracking/app/models/AnalyticsEvent.js":{"path":"/Users/manugowda/New_Vagrant/kb/event_tracking/app/models/AnalyticsEvent.js","s":{"1":1,"2":1,"3":1,"4":1,"5":1,"6":1,"7":1,"8":1,"9":1,"10":1,"11":1,"12":1,"13":1,"14":1,"15":1,"16":0,"17":1,"18":0,"19":1,"20":1},"b":{"1":[1,0]},"f":{"1":1,"2":1,"3":1},"fnMap":{"1":{"name":"(anonymous_1)","line":6,"loc":{"start":{"line":6,"column":22},"end":{"line":6,"column":34}}},"2":{"name":"AnalyticsEvent","line":7,"loc":{"start":{"line":7,"column":4},"end":{"line":7,"column":30}}},"3":{"name":"(anonymous_3)","line":12,"loc":{"start":{"line":12,"column":37},"end":{"line":12,"column":53}}}},"statementMap":{"1":{"start":{"line":2,"column":0},"end":{"line":2,"column":41}},"2":{"start":{"line":3,"column":0},"end":{"line":3,"column":45}},"3":{"start":{"line":4,"column":0},"end":{"line":4,"column":43}},"4":{"start":{"line":5,"column":0},"end":{"line":5,"column":55}},"5":{"start":{"line":6,"column":0},"end":{"line":29,"column":5}},"6":{"start":{"line":7,"column":4},"end":{"line":11,"column":5}},"7":{"start":{"line":8,"column":8},"end":{"line":8,"column":59}},"8":{"start":{"line":9,"column":8},"end":{"line":9,"column":60}},"9":{"start":{"line":10,"column":8},"end":{"line":10,"column":55}},"10":{"start":{"line":12,"column":4},"end":{"line":27,"column":6}},"11":{"start":{"line":13,"column":8},"end":{"line":26,"column":9}},"12":{"start":{"line":14,"column":12},"end":{"line":14,"column":74}},"13":{"start":{"line":15,"column":12},"end":{"line":15,"column":35}},"14":{"start":{"line":16,"column":12},"end":{"line":21,"column":13}},"15":{"start":{"line":17,"column":16},"end":{"line":17,"column":37}},"16":{"start":{"line":20,"column":16},"end":{"line":20,"column":41}},"17":{"start":{"line":22,"column":12},"end":{"line":22,"column":63}},"18":{"start":{"line":25,"column":12},"end":{"line":25,"column":69}},"19":{"start":{"line":28,"column":4},"end":{"line":28,"column":26}},"20":{"start":{"line":30,"column":0},"end":{"line":30,"column":40}}},"branchMap":{"1":{"line":16,"type":"if","locations":[{"start":{"line":16,"column":12},"end":{"line":16,"column":12}},{"start":{"line":16,"column":12},"end":{"line":16,"column":12}}]}},"l":{"2":1,"3":1,"4":1,"5":1,"6":1,"7":1,"8":1,"9":1,"10":1,"12":1,"13":1,"14":1,"15":1,"16":1,"17":1,"20":0,"22":1,"25":0,"28":1,"30":1}},
"/Users/manugowda/New_Vagrant/kb/event_tracking/app/services/KafkaClient.js":{"path":"/Users/manugowda/New_Vagrant/kb/event_tracking/app/services/KafkaClient.js","s":{"1":1,"2":1,"3":1,"4":1,"5":1,"6":1,"7":1,"8":0,"9":1,"10":0,"11":1,"12":1,"13":1,"14":1,"15":1,"16":1,"17":1,"18":1,"19":0,"20":1,"21":1},"b":{"1":[1,0]},"f":{"1":1,"2":1,"3":0,"4":0,"5":1,"6":1,"7":1},"fnMap":{"1":{"name":"(anonymous_1)","line":4,"loc":{"start":{"line":4,"column":19},"end":{"line":4,"column":31}}},"2":{"name":"KafkaClient","line":5,"loc":{"start":{"line":5,"column":4},"end":{"line":5,"column":27}}},"3":{"name":"(anonymous_3)","line":8,"loc":{"start":{"line":8,"column":40},"end":{"line":8,"column":56}}},"4":{"name":"(anonymous_4)","line":11,"loc":{"start":{"line":11,"column":40},"end":{"line":11,"column":55}}},"5":{"name":"(anonymous_5)","line":16,"loc":{"start":{"line":16,"column":37},"end":{"line":16,"column":65}}},"6":{"name":"(anonymous_6)","line":23,"loc":{"start":{"line":23,"column":27},"end":{"line":23,"column":54}}},"7":{"name":"(anonymous_7)","line":24,"loc":{"start":{"line":24,"column":49},"end":{"line":24,"column":70}}}},"statementMap":{"1":{"start":{"line":2,"column":0},"end":{"line":2,"column":38}},"2":{"start":{"line":3,"column":0},"end":{"line":3,"column":45}},"3":{"start":{"line":4,"column":0},"end":{"line":35,"column":5}},"4":{"start":{"line":5,"column":4},"end":{"line":15,"column":5}},"5":{"start":{"line":6,"column":8},"end":{"line":6,"column":66}},"6":{"start":{"line":7,"column":8},"end":{"line":7,"column":67}},"7":{"start":{"line":8,"column":8},"end":{"line":10,"column":11}},"8":{"start":{"line":9,"column":12},"end":{"line":9,"column":77}},"9":{"start":{"line":11,"column":8},"end":{"line":13,"column":11}},"10":{"start":{"line":12,"column":12},"end":{"line":12,"column":75}},"11":{"start":{"line":14,"column":8},"end":{"line":14,"column":50}},"12":{"start":{"line":16,"column":4},"end":{"line":33,"column":6}},"13":{"start":{"line":17,"column":8},"end":{"line":17,"column":25}},"14":{"start":{"line":18,"column":8},"end":{"line":22,"column":10}},"15":{"start":{"line":23,"column":8},"end":{"line":32,"column":11}},"16":{"start":{"line":24,"column":12},"end":{"line":31,"column":15}},"17":{"start":{"line":25,"column":16},"end":{"line":30,"column":17}},"18":{"start":{"line":26,"column":20},"end":{"line":26,"column":32}},"19":{"start":{"line":29,"column":20},"end":{"line":29,"column":34}},"20":{"start":{"line":34,"column":4},"end":{"line":34,"column":23}},"21":{"start":{"line":36,"column":0},"end":{"line":36,"column":34}}},"branchMap":{"1":{"line":25,"type":"if","locations":[{"start":{"line":25,"column":16},"end":{"line":25,"column":16}},{"start":{"line":25,"column":16},"end":{"line":25,"column":16}}]}},"l":{"2":1,"3":1,"4":1,"5":1,"6":1,"7":1,"8":1,"9":0,"11":1,"12":0,"14":1,"16":1,"17":1,"18":1,"23":1,"24":1,"25":1,"26":1,"29":0,"34":1,"36":1}}}
