TN:
SF:/Users/manugowda/New_Vagrant/kb/event_tracking/app/server.js
FN:17,(anonymous_1)
FN:23,(anonymous_2)
FNF:2
FNH:2
FNDA:2,(anonymous_1)
FNDA:1,(anonymous_2)
DA:2,1
DA:3,1
DA:4,1
DA:5,1
DA:6,1
DA:9,1
DA:10,1
DA:11,1
DA:12,1
DA:13,1
DA:14,1
DA:15,1
DA:16,1
DA:17,1
DA:18,2
DA:19,1
DA:20,1
DA:23,1
DA:24,1
DA:25,1
LF:20
LH:20
BRDA:18,1,0,1
BRDA:18,1,1,1
BRF:2
BRH:2
end_of_record
TN:
SF:/Users/manugowda/New_Vagrant/kb/event_tracking/app/config/config.js
FNF:0
FNH:0
DA:2,1
DA:3,1
DA:9,1
DA:10,0
DA:12,1
LF:5
LH:4
BRDA:2,1,0,1
BRDA:2,1,1,1
BRDA:9,2,0,0
BRDA:9,2,1,1
BRF:4
BRH:3
end_of_record
TN:
SF:/Users/manugowda/New_Vagrant/kb/event_tracking/app/services/logger.js
FN:7,(anonymous_1)
FNF:1
FNH:0
FNDA:0,(anonymous_1)
DA:2,1
DA:3,1
DA:4,1
DA:5,1
DA:6,1
DA:7,1
DA:8,0
DA:9,0
DA:11,1
LF:9
LH:7
BRF:0
BRH:0
end_of_record
TN:
SF:/Users/manugowda/New_Vagrant/kb/event_tracking/app/routes/route.js
FN:3,route
FN:5,(anonymous_2)
FN:8,(anonymous_3)
FNF:3
FNH:2
FNDA:1,route
FNDA:1,(anonymous_2)
FNDA:0,(anonymous_3)
DA:2,1
DA:3,1
DA:4,1
DA:5,1
DA:6,1
DA:8,1
DA:9,0
DA:12,1
LF:8
LH:7
BRF:0
BRH:0
end_of_record
TN:
SF:/Users/manugowda/New_Vagrant/kb/event_tracking/app/controllers/api/v1/AnalyticsTrackController.js
FN:4,(anonymous_1)
FN:5,AnalyticsTrackController
FN:9,(anonymous_3)
FN:11,(anonymous_4)
FN:15,(anonymous_5)
FNF:5
FNH:4
FNDA:1,(anonymous_1)
FNDA:1,AnalyticsTrackController
FNDA:1,(anonymous_3)
FNDA:0,(anonymous_4)
FNDA:1,(anonymous_5)
DA:2,1
DA:3,1
DA:4,1
DA:5,1
DA:6,1
DA:7,1
DA:9,1
DA:10,1
DA:12,0
DA:13,0
DA:16,1
DA:17,1
DA:20,1
DA:22,1
LF:14
LH:12
BRF:0
BRH:0
end_of_record
TN:
SF:/Users/manugowda/New_Vagrant/kb/event_tracking/app/models/AnalyticsEvent.js
FN:6,(anonymous_1)
FN:7,AnalyticsEvent
FN:12,(anonymous_3)
FNF:3
FNH:3
FNDA:1,(anonymous_1)
FNDA:1,AnalyticsEvent
FNDA:1,(anonymous_3)
DA:2,1
DA:3,1
DA:4,1
DA:5,1
DA:6,1
DA:7,1
DA:8,1
DA:9,1
DA:10,1
DA:12,1
DA:13,1
DA:14,1
DA:15,1
DA:16,1
DA:17,1
DA:20,0
DA:22,1
DA:25,0
DA:28,1
DA:30,1
LF:20
LH:18
BRDA:16,1,0,1
BRDA:16,1,1,0
BRF:2
BRH:1
end_of_record
TN:
SF:/Users/manugowda/New_Vagrant/kb/event_tracking/app/services/KafkaClient.js
FN:4,(anonymous_1)
FN:5,KafkaClient
FN:8,(anonymous_3)
FN:11,(anonymous_4)
FN:16,(anonymous_5)
FN:23,(anonymous_6)
FN:24,(anonymous_7)
FNF:7
FNH:5
FNDA:1,(anonymous_1)
FNDA:1,KafkaClient
FNDA:0,(anonymous_3)
FNDA:0,(anonymous_4)
FNDA:1,(anonymous_5)
FNDA:1,(anonymous_6)
FNDA:1,(anonymous_7)
DA:2,1
DA:3,1
DA:4,1
DA:5,1
DA:6,1
DA:7,1
DA:8,1
DA:9,0
DA:11,1
DA:12,0
DA:14,1
DA:16,1
DA:17,1
DA:18,1
DA:23,1
DA:24,1
DA:25,1
DA:26,1
DA:29,0
DA:34,1
DA:36,1
LF:21
LH:18
BRDA:25,1,0,1
BRDA:25,1,1,0
BRF:2
BRH:1
end_of_record
